The target system is: Generic -  - arm
The host system is: Linux - 6.1.0-44-amd64 - x86_64
Compiling the C compiler identification source file "CMakeCCompilerId.c" succeeded.
Compiler: /usr/bin/arm-none-eabi-gcc 
Build flags: ;-mcpu=cortex-m4;-mfpu=fpv4-sp-d16;-mfloat-abi=hard;;-Wall;-fdata-sections;-ffunction-sections;-fstack-usage;-mcpu=cortex-m4;-mfpu=fpv4-sp-d16;-mfloat-abi=hard;;-Wall;-fdata-sections;-ffunction-sections;-fstack-usage
Id flags: -c 

The output was:
0


Compilation of the C compiler identification source "CMakeCCompilerId.c" produced "CMakeCCompilerId.o"

Compilation of the C compiler identification source "CMakeCCompilerId.c" produced "CMakeCCompilerId.su"

The C compiler identification is GNU, found in "/home/buddy/sources/sodiumBMS/build/CMakeFiles/3.25.1/CompilerIdC/CMakeCCompilerId.o"

Compiling the CXX compiler identification source file "CMakeCXXCompilerId.cpp" succeeded.
Compiler: /usr/bin/arm-none-eabi-g++ 
Build flags: ;-mcpu=cortex-m4;-mfpu=fpv4-sp-d16;-mfloat-abi=hard;;-Wall;-fdata-sections;-ffunction-sections;-fstack-usage;-mcpu=cortex-m4;-mfpu=fpv4-sp-d16;-mfloat-abi=hard;;-Wall;-fdata-sections;-ffunction-sections;-fstack-usage;-fno-rtti;-fno-exceptions;-fno-threadsafe-statics
Id flags: -c 

The output was:
0


Compilation of the CXX compiler identification source "CMakeCXXCompilerId.cpp" produced "CMakeCXXCompilerId.o"

Compilation of the CXX compiler identification source "CMakeCXXCompilerId.cpp" produced "CMakeCXXCompilerId.su"

The CXX compiler identification is GNU, found in "/home/buddy/sources/sodiumBMS/build/CMakeFiles/3.25.1/CompilerIdCXX/CMakeCXXCompilerId.o"

Detecting C compiler ABI info compiled with the following output:
Change Dir: /home/buddy/sources/sodiumBMS/build/CMakeFiles/CMakeScratch/TryCompile-yQJ3eZ

Run Build Command(s):/usr/bin/gmake -f Makefile cmTC_9abcf/fast && /usr/bin/gmake  -f CMakeFiles/cmTC_9abcf.dir/build.make CMakeFiles/cmTC_9abcf.dir/build
gmake[1]: Entering directory '/home/buddy/sources/sodiumBMS/build/CMakeFiles/CMakeScratch/TryCompile-yQJ3eZ'
Building C object CMakeFiles/cmTC_9abcf.dir/CMakeCCompilerABI.c.obj
/usr/bin/arm-none-eabi-gcc   -mcpu=cortex-m4 -mfpu=fpv4-sp-d16 -mfloat-abi=hard  -Wall -fdata-sections -ffunction-sections -fstack-usage -mcpu=cortex-m4 -mfpu=fpv4-sp-d16 -mfloat-abi=hard  -Wall -fdata-sections -ffunction-sections -fstack-usage    -v -std=gnu11 -o CMakeFiles/cmTC_9abcf.dir/CMakeCCompilerABI.c.obj -c /usr/share/cmake-3.25/Modules/CMakeCCompilerABI.c
Using built-in specs.
COLLECT_GCC=/usr/bin/arm-none-eabi-gcc
Target: arm-none-eabi
Configured with: ../configure --build=x86_64-linux-gnu --prefix=/usr --includedir='/usr/lib/include' --mandir='/usr/lib/share/man' --infodir='/usr/lib/share/info' --sysconfdir=/etc --localstatedir=/var --disable-option-checking --disable-silent-rules --libdir='/usr/lib/lib/x86_64-linux-gnu' --libexecdir='/usr/lib/lib/x86_64-linux-gnu' --disable-maintainer-mode --disable-dependency-tracking --mandir=/usr/share/man --enable-languages=c,c++,lto --enable-multilib --disable-decimal-float --disable-libffi --disable-libgomp --disable-libmudflap --disable-libquadmath --disable-libssp --disable-libstdcxx-pch --disable-nls --disable-shared --disable-threads --enable-tls --build=x86_64-linux-gnu --target=arm-none-eabi --with-system-zlib --with-gnu-as --with-gnu-ld --with-pkgversion=15:12.2.rel1-1 --without-included-gettext --prefix=/usr/lib --infodir=/usr/share/doc/gcc-arm-none-eabi/info --htmldir=/usr/share/doc/gcc-arm-none-eabi/html --pdfdir=/usr/share/doc/gcc-arm-none-eabi/pdf --bindir=/usr/bin --libexecdir=/usr/lib --libdir=/usr/lib --disable-libstdc++-v3 --host=x86_64-linux-gnu --with-headers=no --without-newlib --with-multilib-list=rmprofile,aprofile ASFLAGS= CFLAGS='-g -O2 -ffile-prefix-map=/build/gcc-arm-none-eabi-8GAN2q/gcc-arm-none-eabi-12.2.rel1=. -fstack-protector-strong' CPPFLAGS='-Wdate-time -D_FORTIFY_SOURCE=2' CXXFLAGS='-g -O2 -ffile-prefix-map=/build/gcc-arm-none-eabi-8GAN2q/gcc-arm-none-eabi-12.2.rel1=. -fstack-protector-strong' DFLAGS=-frelease FCFLAGS='-g -O2 -ffile-prefix-map=/build/gcc-arm-none-eabi-8GAN2q/gcc-arm-none-eabi-12.2.rel1=. -fstack-protector-strong' FFLAGS='-g -O2 -ffile-prefix-map=/build/gcc-arm-none-eabi-8GAN2q/gcc-arm-none-eabi-12.2.rel1=. -fstack-protector-strong' GCJFLAGS='-g -O2 -ffile-prefix-map=/build/gcc-arm-none-eabi-8GAN2q/gcc-arm-none-eabi-12.2.rel1=. -fstack-protector-strong' LDFLAGS=-Wl,-z,relro OBJCFLAGS='-g -O2 -ffile-prefix-map=/build/gcc-arm-none-eabi-8GAN2q/gcc-arm-none-eabi-12.2.rel1=. -fstack-protector-strong' OBJCXXFLAGS='-g -O2 -ffile-prefix-map=/build/gcc-arm-none-eabi-8GAN2q/gcc-arm-none-eabi-12.2.rel1=. -fstack-protector-strong' INHIBIT_LIBC_CFLAGS=-DUSE_TM_CLONE_REGISTRY=0 AR_FOR_TARGET=arm-none-eabi-ar AS_FOR_TARGET=arm-none-eabi-as LD_FOR_TARGET=arm-none-eabi-ld NM_FOR_TARGET=arm-none-eabi-nm OBJDUMP_FOR_TARGET=arm-none-eabi-objdump RANLIB_FOR_TARGET=arm-none-eabi-ranlib READELF_FOR_TARGET=arm-none-eabi-readelf STRIP_FOR_TARGET=arm-none-eabi-strip SED=/bin/sed SHELL=/bin/sh BASH=/bin/bash CONFIG_SHELL=/bin/bash
Thread model: single
Supported LTO compression algorithms: zlib
gcc version 12.2.1 20221205 (15:12.2.rel1-1) 
COLLECT_GCC_OPTIONS='-mfpu=fpv4-sp-d16' '-mfloat-abi=hard' '-fstack-usage' '-mcpu=cortex-m4' '-mfpu=fpv4-sp-d16' '-mfloat-abi=hard' '-Wall' '-fdata-sections' '-ffunction-sections' '-fstack-usage' '-v' '-std=gnu11' '-o' 'CMakeFiles/cmTC_9abcf.dir/CMakeCCompilerABI.c.obj' '-c' '-mthumb' '-mlibarch=armv7e-m+fp' '-march=armv7e-m+fp' '-dumpdir' 'CMakeFiles/cmTC_9abcf.dir/'
 /usr/lib/gcc/arm-none-eabi/12.2.1/cc1 -quiet -v -imultilib thumb/v7e-m+fp/hard -D__USES_INITFINI__ /usr/share/cmake-3.25/Modules/CMakeCCompilerABI.c -quiet -dumpdir CMakeFiles/cmTC_9abcf.dir/ -dumpbase CMakeCCompilerABI.c.c -dumpbase-ext .c -mfpu=fpv4-sp-d16 -mfloat-abi=hard -mcpu=cortex-m4 -mfpu=fpv4-sp-d16 -mfloat-abi=hard -mthumb -mlibarch=armv7e-m+fp -march=armv7e-m+fp -Wall -std=gnu11 -version -fstack-usage -fdata-sections -ffunction-sections -fstack-usage -o /tmp/ccruNAnR.s
GNU C11 (15:12.2.rel1-1) version 12.2.1 20221205 (arm-none-eabi)
	compiled by GNU C version 12.2.0, GMP version 6.2.1, MPFR version 4.1.0, MPC version 1.2.1, isl version isl-0.25-GMP

warning: MPFR header version 4.1.0 differs from library version 4.2.0.
warning: MPC header version 1.2.1 differs from library version 1.3.1.
GGC heuristics: --param ggc-min-expand=100 --param ggc-min-heapsize=131072
ignoring nonexistent directory "/usr/lib/gcc/arm-none-eabi/12.2.1/../../../arm-none-eabi/sys-include"
#include "..." search starts here:
#include <...> search starts here:
 /usr/lib/gcc/arm-none-eabi/12.2.1/include
 /usr/lib/gcc/arm-none-eabi/12.2.1/include-fixed
 /usr/lib/gcc/arm-none-eabi/12.2.1/../../../arm-none-eabi/include
End of search list.
GNU C11 (15:12.2.rel1-1) version 12.2.1 20221205 (arm-none-eabi)
	compiled by GNU C version 12.2.0, GMP version 6.2.1, MPFR version 4.1.0, MPC version 1.2.1, isl version isl-0.25-GMP

warning: MPFR header version 4.1.0 differs from library version 4.2.0.
warning: MPC header version 1.2.1 differs from library version 1.3.1.
GGC heuristics: --param ggc-min-expand=100 --param ggc-min-heapsize=131072
Compiler executable checksum: 2c17be7ce85023cb50aa5c4b2860f512
COLLECT_GCC_OPTIONS='-mfpu=fpv4-sp-d16' '-mfloat-abi=hard' '-fstack-usage' '-mcpu=cortex-m4' '-mfpu=fpv4-sp-d16' '-mfloat-abi=hard' '-Wall' '-fdata-sections' '-ffunction-sections' '-fstack-usage' '-v' '-std=gnu11' '-o' 'CMakeFiles/cmTC_9abcf.dir/CMakeCCompilerABI.c.obj' '-c' '-mthumb' '-mlibarch=armv7e-m+fp' '-march=armv7e-m+fp' '-dumpdir' 'CMakeFiles/cmTC_9abcf.dir/'
 /usr/lib/gcc/arm-none-eabi/12.2.1/../../../arm-none-eabi/bin/as -v -march=armv7e-m+fp -mfloat-abi=hard -mfloat-abi=hard -mfpu=fpv4-sp-d16 -mfpu=fpv4-sp-d16 -meabi=5 -o CMakeFiles/cmTC_9abcf.dir/CMakeCCompilerABI.c.obj /tmp/ccruNAnR.s
GNU assembler version 2.40 (arm-none-eabi) using BFD version (2.40-2+18+b1) 2.40
COMPILER_PATH=/usr/lib/gcc/arm-none-eabi/12.2.1/:/usr/lib/gcc/arm-none-eabi/12.2.1/:/usr/lib/gcc/arm-none-eabi/:/usr/lib/gcc/arm-none-eabi/12.2.1/:/usr/lib/gcc/arm-none-eabi/:/usr/lib/gcc/arm-none-eabi/12.2.1/../../../arm-none-eabi/bin/
LIBRARY_PATH=/usr/lib/gcc/arm-none-eabi/12.2.1/thumb/v7e-m+fp/hard/:/usr/lib/gcc/arm-none-eabi/12.2.1/../../../arm-none-eabi/lib/thumb/v7e-m+fp/hard/:/usr/lib/gcc/arm-none-eabi/12.2.1/:/usr/lib/gcc/arm-none-eabi/12.2.1/../../../arm-none-eabi/lib/
COLLECT_GCC_OPTIONS='-mfpu=fpv4-sp-d16' '-mfloat-abi=hard' '-fstack-usage' '-mcpu=cortex-m4' '-mfpu=fpv4-sp-d16' '-mfloat-abi=hard' '-Wall' '-fdata-sections' '-ffunction-sections' '-fstack-usage' '-v' '-std=gnu11' '-o' 'CMakeFiles/cmTC_9abcf.dir/CMakeCCompilerABI.c.obj' '-c' '-mthumb' '-mlibarch=armv7e-m+fp' '-march=armv7e-m+fp' '-dumpdir' 'CMakeFiles/cmTC_9abcf.dir/CMakeCCompilerABI.c.'
Linking C static library libcmTC_9abcf.a
/usr/bin/cmake -P CMakeFiles/cmTC_9abcf.dir/cmake_clean_target.cmake
/usr/bin/cmake -E cmake_link_script CMakeFiles/cmTC_9abcf.dir/link.txt --verbose=1
/usr/bin/arm-none-eabi-ar qc libcmTC_9abcf.a CMakeFiles/cmTC_9abcf.dir/CMakeCCompilerABI.c.obj
/usr/bin/arm-none-eabi-ranlib libcmTC_9abcf.a
gmake[1]: Leaving directory '/home/buddy/sources/sodiumBMS/build/CMakeFiles/CMakeScratch/TryCompile-yQJ3eZ'



Parsed C implicit include dir info from above output: rv=done
  found start of include info
  found start of implicit include info
    add: [/usr/lib/gcc/arm-none-eabi/12.2.1/include]
    add: [/usr/lib/gcc/arm-none-eabi/12.2.1/include-fixed]
    add: [/usr/lib/gcc/arm-none-eabi/12.2.1/../../../arm-none-eabi/include]
  end of search list found
  collapse include dir [/usr/lib/gcc/arm-none-eabi/12.2.1/include] ==> [/usr/lib/gcc/arm-none-eabi/12.2.1/include]
  collapse include dir [/usr/lib/gcc/arm-none-eabi/12.2.1/include-fixed] ==> [/usr/lib/gcc/arm-none-eabi/12.2.1/include-fixed]
  collapse include dir [/usr/lib/gcc/arm-none-eabi/12.2.1/../../../arm-none-eabi/include] ==> [/usr/lib/arm-none-eabi/include]
  implicit include dirs: [/usr/lib/gcc/arm-none-eabi/12.2.1/include;/usr/lib/gcc/arm-none-eabi/12.2.1/include-fixed;/usr/lib/arm-none-eabi/include]


Parsed C implicit link information from above output:
  link line regex: [^( *|.*[/\])(arm-none-eabi-g\+\+|CMAKE_LINK_STARTFILE-NOTFOUND|([^/\]+-)?ld|collect2)[^/\]*( |$)]
  ignore line: [Change Dir: /home/buddy/sources/sodiumBMS/build/CMakeFiles/CMakeScratch/TryCompile-yQJ3eZ]
  ignore line: []
  ignore line: [Run Build Command(s):/usr/bin/gmake -f Makefile cmTC_9abcf/fast && /usr/bin/gmake  -f CMakeFiles/cmTC_9abcf.dir/build.make CMakeFiles/cmTC_9abcf.dir/build]
  ignore line: [gmake[1]: Entering directory '/home/buddy/sources/sodiumBMS/build/CMakeFiles/CMakeScratch/TryCompile-yQJ3eZ']
  ignore line: [Building C object CMakeFiles/cmTC_9abcf.dir/CMakeCCompilerABI.c.obj]
  ignore line: [/usr/bin/arm-none-eabi-gcc   -mcpu=cortex-m4 -mfpu=fpv4-sp-d16 -mfloat-abi=hard  -Wall -fdata-sections -ffunction-sections -fstack-usage -mcpu=cortex-m4 -mfpu=fpv4-sp-d16 -mfloat-abi=hard  -Wall -fdata-sections -ffunction-sections -fstack-usage    -v -std=gnu11 -o CMakeFiles/cmTC_9abcf.dir/CMakeCCompilerABI.c.obj -c /usr/share/cmake-3.25/Modules/CMakeCCompilerABI.c]
  ignore line: [Using built-in specs.]
  ignore line: [COLLECT_GCC=/usr/bin/arm-none-eabi-gcc]
  ignore line: [Target: arm-none-eabi]
  ignore line: [Configured with: ../configure --build=x86_64-linux-gnu --prefix=/usr --includedir='/usr/lib/include' --mandir='/usr/lib/share/man' --infodir='/usr/lib/share/info' --sysconfdir=/etc --localstatedir=/var --disable-option-checking --disable-silent-rules --libdir='/usr/lib/lib/x86_64-linux-gnu' --libexecdir='/usr/lib/lib/x86_64-linux-gnu' --disable-maintainer-mode --disable-dependency-tracking --mandir=/usr/share/man --enable-languages=c,c++,lto --enable-multilib --disable-decimal-float --disable-libffi --disable-libgomp --disable-libmudflap --disable-libquadmath --disable-libssp --disable-libstdcxx-pch --disable-nls --disable-shared --disable-threads --enable-tls --build=x86_64-linux-gnu --target=arm-none-eabi --with-system-zlib --with-gnu-as --with-gnu-ld --with-pkgversion=15:12.2.rel1-1 --without-included-gettext --prefix=/usr/lib --infodir=/usr/share/doc/gcc-arm-none-eabi/info --htmldir=/usr/share/doc/gcc-arm-none-eabi/html --pdfdir=/usr/share/doc/gcc-arm-none-eabi/pdf --bindir=/usr/bin --libexecdir=/usr/lib --libdir=/usr/lib --disable-libstdc++-v3 --host=x86_64-linux-gnu --with-headers=no --without-newlib --with-multilib-list=rmprofile,aprofile ASFLAGS= CFLAGS='-g -O2 -ffile-prefix-map=/build/gcc-arm-none-eabi-8GAN2q/gcc-arm-none-eabi-12.2.rel1=. -fstack-protector-strong' CPPFLAGS='-Wdate-time -D_FORTIFY_SOURCE=2' CXXFLAGS='-g -O2 -ffile-prefix-map=/build/gcc-arm-none-eabi-8GAN2q/gcc-arm-none-eabi-12.2.rel1=. -fstack-protector-strong' DFLAGS=-frelease FCFLAGS='-g -O2 -ffile-prefix-map=/build/gcc-arm-none-eabi-8GAN2q/gcc-arm-none-eabi-12.2.rel1=. -fstack-protector-strong' FFLAGS='-g -O2 -ffile-prefix-map=/build/gcc-arm-none-eabi-8GAN2q/gcc-arm-none-eabi-12.2.rel1=. -fstack-protector-strong' GCJFLAGS='-g -O2 -ffile-prefix-map=/build/gcc-arm-none-eabi-8GAN2q/gcc-arm-none-eabi-12.2.rel1=. -fstack-protector-strong' LDFLAGS=-Wl,-z,relro OBJCFLAGS='-g -O2 -ffile-prefix-map=/build/gcc-arm-none-eabi-8GAN2q/gcc-arm-none-eabi-12.2.rel1=. -fstack-protector-strong' OBJCXXFLAGS='-g -O2 -ffile-prefix-map=/build/gcc-arm-none-eabi-8GAN2q/gcc-arm-none-eabi-12.2.rel1=. -fstack-protector-strong' INHIBIT_LIBC_CFLAGS=-DUSE_TM_CLONE_REGISTRY=0 AR_FOR_TARGET=arm-none-eabi-ar AS_FOR_TARGET=arm-none-eabi-as LD_FOR_TARGET=arm-none-eabi-ld NM_FOR_TARGET=arm-none-eabi-nm OBJDUMP_FOR_TARGET=arm-none-eabi-objdump RANLIB_FOR_TARGET=arm-none-eabi-ranlib READELF_FOR_TARGET=arm-none-eabi-readelf STRIP_FOR_TARGET=arm-none-eabi-strip SED=/bin/sed SHELL=/bin/sh BASH=/bin/bash CONFIG_SHELL=/bin/bash]
  ignore line: [Thread model: single]
  ignore line: [Supported LTO compression algorithms: zlib]
  ignore line: [gcc version 12.2.1 20221205 (15:12.2.rel1-1) ]
  ignore line: [COLLECT_GCC_OPTIONS='-mfpu=fpv4-sp-d16' '-mfloat-abi=hard' '-fstack-usage' '-mcpu=cortex-m4' '-mfpu=fpv4-sp-d16' '-mfloat-abi=hard' '-Wall' '-fdata-sections' '-ffunction-sections' '-fstack-usage' '-v' '-std=gnu11' '-o' 'CMakeFiles/cmTC_9abcf.dir/CMakeCCompilerABI.c.obj' '-c' '-mthumb' '-mlibarch=armv7e-m+fp' '-march=armv7e-m+fp' '-dumpdir' 'CMakeFiles/cmTC_9abcf.dir/']
  ignore line: [ /usr/lib/gcc/arm-none-eabi/12.2.1/cc1 -quiet -v -imultilib thumb/v7e-m+fp/hard -D__USES_INITFINI__ /usr/share/cmake-3.25/Modules/CMakeCCompilerABI.c -quiet -dumpdir CMakeFiles/cmTC_9abcf.dir/ -dumpbase CMakeCCompilerABI.c.c -dumpbase-ext .c -mfpu=fpv4-sp-d16 -mfloat-abi=hard -mcpu=cortex-m4 -mfpu=fpv4-sp-d16 -mfloat-abi=hard -mthumb -mlibarch=armv7e-m+fp -march=armv7e-m+fp -Wall -std=gnu11 -version -fstack-usage -fdata-sections -ffunction-sections -fstack-usage -o /tmp/ccruNAnR.s]
  ignore line: [GNU C11 (15:12.2.rel1-1) version 12.2.1 20221205 (arm-none-eabi)]
  ignore line: [	compiled by GNU C version 12.2.0  GMP version 6.2.1  MPFR version 4.1.0  MPC version 1.2.1  isl version isl-0.25-GMP]
  ignore line: []
  ignore line: [warning: MPFR header version 4.1.0 differs from library version 4.2.0.]
  ignore line: [warning: MPC header version 1.2.1 differs from library version 1.3.1.]
  ignore line: [GGC heuristics: --param ggc-min-expand=100 --param ggc-min-heapsize=131072]
  ignore line: [ignoring nonexistent directory "/usr/lib/gcc/arm-none-eabi/12.2.1/../../../arm-none-eabi/sys-include"]
  ignore line: [#include "..." search starts here:]
  ignore line: [#include <...> search starts here:]
  ignore line: [ /usr/lib/gcc/arm-none-eabi/12.2.1/include]
  ignore line: [ /usr/lib/gcc/arm-none-eabi/12.2.1/include-fixed]
  ignore line: [ /usr/lib/gcc/arm-none-eabi/12.2.1/../../../arm-none-eabi/include]
  ignore line: [End of search list.]
  ignore line: [GNU C11 (15:12.2.rel1-1) version 12.2.1 20221205 (arm-none-eabi)]
  ignore line: [	compiled by GNU C version 12.2.0  GMP version 6.2.1  MPFR version 4.1.0  MPC version 1.2.1  isl version isl-0.25-GMP]
  ignore line: []
  ignore line: [warning: MPFR header version 4.1.0 differs from library version 4.2.0.]
  ignore line: [warning: MPC header version 1.2.1 differs from library version 1.3.1.]
  ignore line: [GGC heuristics: --param ggc-min-expand=100 --param ggc-min-heapsize=131072]
  ignore line: [Compiler executable checksum: 2c17be7ce85023cb50aa5c4b2860f512]
  ignore line: [COLLECT_GCC_OPTIONS='-mfpu=fpv4-sp-d16' '-mfloat-abi=hard' '-fstack-usage' '-mcpu=cortex-m4' '-mfpu=fpv4-sp-d16' '-mfloat-abi=hard' '-Wall' '-fdata-sections' '-ffunction-sections' '-fstack-usage' '-v' '-std=gnu11' '-o' 'CMakeFiles/cmTC_9abcf.dir/CMakeCCompilerABI.c.obj' '-c' '-mthumb' '-mlibarch=armv7e-m+fp' '-march=armv7e-m+fp' '-dumpdir' 'CMakeFiles/cmTC_9abcf.dir/']
  ignore line: [ /usr/lib/gcc/arm-none-eabi/12.2.1/../../../arm-none-eabi/bin/as -v -march=armv7e-m+fp -mfloat-abi=hard -mfloat-abi=hard -mfpu=fpv4-sp-d16 -mfpu=fpv4-sp-d16 -meabi=5 -o CMakeFiles/cmTC_9abcf.dir/CMakeCCompilerABI.c.obj /tmp/ccruNAnR.s]
  ignore line: [GNU assembler version 2.40 (arm-none-eabi) using BFD version (2.40-2+18+b1) 2.40]
  ignore line: [COMPILER_PATH=/usr/lib/gcc/arm-none-eabi/12.2.1/:/usr/lib/gcc/arm-none-eabi/12.2.1/:/usr/lib/gcc/arm-none-eabi/:/usr/lib/gcc/arm-none-eabi/12.2.1/:/usr/lib/gcc/arm-none-eabi/:/usr/lib/gcc/arm-none-eabi/12.2.1/../../../arm-none-eabi/bin/]
  ignore line: [LIBRARY_PATH=/usr/lib/gcc/arm-none-eabi/12.2.1/thumb/v7e-m+fp/hard/:/usr/lib/gcc/arm-none-eabi/12.2.1/../../../arm-none-eabi/lib/thumb/v7e-m+fp/hard/:/usr/lib/gcc/arm-none-eabi/12.2.1/:/usr/lib/gcc/arm-none-eabi/12.2.1/../../../arm-none-eabi/lib/]
  ignore line: [COLLECT_GCC_OPTIONS='-mfpu=fpv4-sp-d16' '-mfloat-abi=hard' '-fstack-usage' '-mcpu=cortex-m4' '-mfpu=fpv4-sp-d16' '-mfloat-abi=hard' '-Wall' '-fdata-sections' '-ffunction-sections' '-fstack-usage' '-v' '-std=gnu11' '-o' 'CMakeFiles/cmTC_9abcf.dir/CMakeCCompilerABI.c.obj' '-c' '-mthumb' '-mlibarch=armv7e-m+fp' '-march=armv7e-m+fp' '-dumpdir' 'CMakeFiles/cmTC_9abcf.dir/CMakeCCompilerABI.c.']
  ignore line: [Linking C static library libcmTC_9abcf.a]
  ignore line: [/usr/bin/cmake -P CMakeFiles/cmTC_9abcf.dir/cmake_clean_target.cmake]
  ignore line: [/usr/bin/cmake -E cmake_link_script CMakeFiles/cmTC_9abcf.dir/link.txt --verbose=1]
  ignore line: [/usr/bin/arm-none-eabi-ar qc libcmTC_9abcf.a CMakeFiles/cmTC_9abcf.dir/CMakeCCompilerABI.c.obj]
  ignore line: [/usr/bin/arm-none-eabi-ranlib libcmTC_9abcf.a]
  ignore line: [gmake[1]: Leaving directory '/home/buddy/sources/sodiumBMS/build/CMakeFiles/CMakeScratch/TryCompile-yQJ3eZ']
  ignore line: []
  ignore line: []
  implicit libs: []
  implicit objs: []
  implicit dirs: []
  implicit fwks: []


Detecting CXX compiler ABI info compiled with the following output:
Change Dir: /home/buddy/sources/sodiumBMS/build/CMakeFiles/CMakeScratch/TryCompile-cAZJmv

Run Build Command(s):/usr/bin/gmake -f Makefile cmTC_4b189/fast && /usr/bin/gmake  -f CMakeFiles/cmTC_4b189.dir/build.make CMakeFiles/cmTC_4b189.dir/build
gmake[1]: Entering directory '/home/buddy/sources/sodiumBMS/build/CMakeFiles/CMakeScratch/TryCompile-cAZJmv'
Building CXX object CMakeFiles/cmTC_4b189.dir/CMakeCXXCompilerABI.cpp.obj
/usr/bin/arm-none-eabi-g++   -mcpu=cortex-m4 -mfpu=fpv4-sp-d16 -mfloat-abi=hard  -Wall -fdata-sections -ffunction-sections -fstack-usage -mcpu=cortex-m4 -mfpu=fpv4-sp-d16 -mfloat-abi=hard  -Wall -fdata-sections -ffunction-sections -fstack-usage -fno-rtti -fno-exceptions -fno-threadsafe-statics    -v -o CMakeFiles/cmTC_4b189.dir/CMakeCXXCompilerABI.cpp.obj -c /usr/share/cmake-3.25/Modules/CMakeCXXCompilerABI.cpp
Using built-in specs.
COLLECT_GCC=/usr/bin/arm-none-eabi-g++
Target: arm-none-eabi
Configured with: ../configure --build=x86_64-linux-gnu --prefix=/usr --includedir='/usr/lib/include' --mandir='/usr/lib/share/man' --infodir='/usr/lib/share/info' --sysconfdir=/etc --localstatedir=/var --disable-option-checking --disable-silent-rules --libdir='/usr/lib/lib/x86_64-linux-gnu' --libexecdir='/usr/lib/lib/x86_64-linux-gnu' --disable-maintainer-mode --disable-dependency-tracking --mandir=/usr/share/man --enable-languages=c,c++,lto --enable-multilib --disable-decimal-float --disable-libffi --disable-libgomp --disable-libmudflap --disable-libquadmath --disable-libssp --disable-libstdcxx-pch --disable-nls --disable-shared --disable-threads --enable-tls --build=x86_64-linux-gnu --target=arm-none-eabi --with-system-zlib --with-gnu-as --with-gnu-ld --with-pkgversion=15:12.2.rel1-1 --without-included-gettext --prefix=/usr/lib --infodir=/usr/share/doc/gcc-arm-none-eabi/info --htmldir=/usr/share/doc/gcc-arm-none-eabi/html --pdfdir=/usr/share/doc/gcc-arm-none-eabi/pdf --bindir=/usr/bin --libexecdir=/usr/lib --libdir=/usr/lib --disable-libstdc++-v3 --host=x86_64-linux-gnu --with-headers=no --without-newlib --with-multilib-list=rmprofile,aprofile ASFLAGS= CFLAGS='-g -O2 -ffile-prefix-map=/build/gcc-arm-none-eabi-8GAN2q/gcc-arm-none-eabi-12.2.rel1=. -fstack-protector-strong' CPPFLAGS='-Wdate-time -D_FORTIFY_SOURCE=2' CXXFLAGS='-g -O2 -ffile-prefix-map=/build/gcc-arm-none-eabi-8GAN2q/gcc-arm-none-eabi-12.2.rel1=. -fstack-protector-strong' DFLAGS=-frelease FCFLAGS='-g -O2 -ffile-prefix-map=/build/gcc-arm-none-eabi-8GAN2q/gcc-arm-none-eabi-12.2.rel1=. -fstack-protector-strong' FFLAGS='-g -O2 -ffile-prefix-map=/build/gcc-arm-none-eabi-8GAN2q/gcc-arm-none-eabi-12.2.rel1=. -fstack-protector-strong' GCJFLAGS='-g -O2 -ffile-prefix-map=/build/gcc-arm-none-eabi-8GAN2q/gcc-arm-none-eabi-12.2.rel1=. -fstack-protector-strong' LDFLAGS=-Wl,-z,relro OBJCFLAGS='-g -O2 -ffile-prefix-map=/build/gcc-arm-none-eabi-8GAN2q/gcc-arm-none-eabi-12.2.rel1=. -fstack-protector-strong' OBJCXXFLAGS='-g -O2 -ffile-prefix-map=/build/gcc-arm-none-eabi-8GAN2q/gcc-arm-none-eabi-12.2.rel1=. -fstack-protector-strong' INHIBIT_LIBC_CFLAGS=-DUSE_TM_CLONE_REGISTRY=0 AR_FOR_TARGET=arm-none-eabi-ar AS_FOR_TARGET=arm-none-eabi-as LD_FOR_TARGET=arm-none-eabi-ld NM_FOR_TARGET=arm-none-eabi-nm OBJDUMP_FOR_TARGET=arm-none-eabi-objdump RANLIB_FOR_TARGET=arm-none-eabi-ranlib READELF_FOR_TARGET=arm-none-eabi-readelf STRIP_FOR_TARGET=arm-none-eabi-strip SED=/bin/sed SHELL=/bin/sh BASH=/bin/bash CONFIG_SHELL=/bin/bash
Thread model: single
Supported LTO compression algorithms: zlib
gcc version 12.2.1 20221205 (15:12.2.rel1-1) 
COLLECT_GCC_OPTIONS='-mfpu=fpv4-sp-d16' '-mfloat-abi=hard' '-fstack-usage' '-mcpu=cortex-m4' '-mfpu=fpv4-sp-d16' '-mfloat-abi=hard' '-Wall' '-fdata-sections' '-ffunction-sections' '-fstack-usage' '-fno-rtti' '-fno-exceptions' '-fno-threadsafe-statics' '-v' '-o' 'CMakeFiles/cmTC_4b189.dir/CMakeCXXCompilerABI.cpp.obj' '-c' '-mthumb' '-mlibarch=armv7e-m+fp' '-march=armv7e-m+fp' '-dumpdir' 'CMakeFiles/cmTC_4b189.dir/'
 /usr/lib/gcc/arm-none-eabi/12.2.1/cc1plus -quiet -v -imultilib thumb/v7e-m+fp/hard -D__USES_INITFINI__ /usr/share/cmake-3.25/Modules/CMakeCXXCompilerABI.cpp -quiet -dumpdir CMakeFiles/cmTC_4b189.dir/ -dumpbase CMakeCXXCompilerABI.cpp.cpp -dumpbase-ext .cpp -mfpu=fpv4-sp-d16 -mfloat-abi=hard -mcpu=cortex-m4 -mfpu=fpv4-sp-d16 -mfloat-abi=hard -mthumb -mlibarch=armv7e-m+fp -march=armv7e-m+fp -Wall -version -fstack-usage -fdata-sections -ffunction-sections -fstack-usage -fno-rtti -fno-exceptions -fno-threadsafe-statics -o /tmp/ccPUHIC8.s
GNU C++17 (15:12.2.rel1-1) version 12.2.1 20221205 (arm-none-eabi)
	compiled by GNU C version 12.2.0, GMP version 6.2.1, MPFR version 4.1.0, MPC version 1.2.1, isl version isl-0.25-GMP

warning: MPFR header version 4.1.0 differs from library version 4.2.0.
warning: MPC header version 1.2.1 differs from library version 1.3.1.
GGC heuristics: --param ggc-min-expand=100 --param ggc-min-heapsize=131072
ignoring nonexistent directory "/usr/lib/gcc/arm-none-eabi/12.2.1/../../../arm-none-eabi/sys-include"
#include "..." search starts here:
#include <...> search starts here:
 /usr/lib/gcc/arm-none-eabi/12.2.1/../../../arm-none-eabi/include/c++/12.2.1
 /usr/lib/gcc/arm-none-eabi/12.2.1/../../../arm-none-eabi/include/c++/12.2.1/arm-none-eabi/thumb/v7e-m+fp/hard
 /usr/lib/gcc/arm-none-eabi/12.2.1/../../../arm-none-eabi/include/c++/12.2.1/backward
 /usr/lib/gcc/arm-none-eabi/12.2.1/include
 /usr/lib/gcc/arm-none-eabi/12.2.1/include-fixed
 /usr/lib/gcc/arm-none-eabi/12.2.1/../../../arm-none-eabi/include
End of search list.
GNU C++17 (15:12.2.rel1-1) version 12.2.1 20221205 (arm-none-eabi)
	compiled by GNU C version 12.2.0, GMP version 6.2.1, MPFR version 4.1.0, MPC version 1.2.1, isl version isl-0.25-GMP

warning: MPFR header version 4.1.0 differs from library version 4.2.0.
warning: MPC header version 1.2.1 differs from library version 1.3.1.
GGC heuristics: --param ggc-min-expand=100 --param ggc-min-heapsize=131072
Compiler executable checksum: d5a2eb6d1655b5036da7f102e727111e
COLLECT_GCC_OPTIONS='-mfpu=fpv4-sp-d16' '-mfloat-abi=hard' '-fstack-usage' '-mcpu=cortex-m4' '-mfpu=fpv4-sp-d16' '-mfloat-abi=hard' '-Wall' '-fdata-sections' '-ffunction-sections' '-fstack-usage' '-fno-rtti' '-fno-exceptions' '-fno-threadsafe-statics' '-v' '-o' 'CMakeFiles/cmTC_4b189.dir/CMakeCXXCompilerABI.cpp.obj' '-c' '-mthumb' '-mlibarch=armv7e-m+fp' '-march=armv7e-m+fp' '-dumpdir' 'CMakeFiles/cmTC_4b189.dir/'
 /usr/lib/gcc/arm-none-eabi/12.2.1/../../../arm-none-eabi/bin/as -v -march=armv7e-m+fp -mfloat-abi=hard -mfloat-abi=hard -mfpu=fpv4-sp-d16 -mfpu=fpv4-sp-d16 -meabi=5 -o CMakeFiles/cmTC_4b189.dir/CMakeCXXCompilerABI.cpp.obj /tmp/ccPUHIC8.s
GNU assembler version 2.40 (arm-none-eabi) using BFD version (2.40-2+18+b1) 2.40
COMPILER_PATH=/usr/lib/gcc/arm-none-eabi/12.2.1/:/usr/lib/gcc/arm-none-eabi/12.2.1/:/usr/lib/gcc/arm-none-eabi/:/usr/lib/gcc/arm-none-eabi/12.2.1/:/usr/lib/gcc/arm-none-eabi/:/usr/lib/gcc/arm-none-eabi/12.2.1/../../../arm-none-eabi/bin/
LIBRARY_PATH=/usr/lib/gcc/arm-none-eabi/12.2.1/thumb/v7e-m+fp/hard/:/usr/lib/gcc/arm-none-eabi/12.2.1/../../../arm-none-eabi/lib/thumb/v7e-m+fp/hard/:/usr/lib/gcc/arm-none-eabi/12.2.1/:/usr/lib/gcc/arm-none-eabi/12.2.1/../../../arm-none-eabi/lib/
COLLECT_GCC_OPTIONS='-mfpu=fpv4-sp-d16' '-mfloat-abi=hard' '-fstack-usage' '-mcpu=cortex-m4' '-mfpu=fpv4-sp-d16' '-mfloat-abi=hard' '-Wall' '-fdata-sections' '-ffunction-sections' '-fstack-usage' '-fno-rtti' '-fno-exceptions' '-fno-threadsafe-statics' '-v' '-o' 'CMakeFiles/cmTC_4b189.dir/CMakeCXXCompilerABI.cpp.obj' '-c' '-mthumb' '-mlibarch=armv7e-m+fp' '-march=armv7e-m+fp' '-dumpdir' 'CMakeFiles/cmTC_4b189.dir/CMakeCXXCompilerABI.cpp.'
Linking CXX static library libcmTC_4b189.a
/usr/bin/cmake -P CMakeFiles/cmTC_4b189.dir/cmake_clean_target.cmake
/usr/bin/cmake -E cmake_link_script CMakeFiles/cmTC_4b189.dir/link.txt --verbose=1
/usr/bin/arm-none-eabi-ar qc libcmTC_4b189.a CMakeFiles/cmTC_4b189.dir/CMakeCXXCompilerABI.cpp.obj
/usr/bin/arm-none-eabi-ranlib libcmTC_4b189.a
gmake[1]: Leaving directory '/home/buddy/sources/sodiumBMS/build/CMakeFiles/CMakeScratch/TryCompile-cAZJmv'



Parsed CXX implicit include dir info from above output: rv=done
  found start of include info
  found start of implicit include info
    add: [/usr/lib/gcc/arm-none-eabi/12.2.1/../../../arm-none-eabi/include/c++/12.2.1]
    add: [/usr/lib/gcc/arm-none-eabi/12.2.1/../../../arm-none-eabi/include/c++/12.2.1/arm-none-eabi/thumb/v7e-m+fp/hard]
    add: [/usr/lib/gcc/arm-none-eabi/12.2.1/../../../arm-none-eabi/include/c++/12.2.1/backward]
    add: [/usr/lib/gcc/arm-none-eabi/12.2.1/include]
    add: [/usr/lib/gcc/arm-none-eabi/12.2.1/include-fixed]
    add: [/usr/lib/gcc/arm-none-eabi/12.2.1/../../../arm-none-eabi/include]
  end of search list found
  collapse include dir [/usr/lib/gcc/arm-none-eabi/12.2.1/../../../arm-none-eabi/include/c++/12.2.1] ==> [/usr/lib/arm-none-eabi/include/c++/12.2.1]
  collapse include dir [/usr/lib/gcc/arm-none-eabi/12.2.1/../../../arm-none-eabi/include/c++/12.2.1/arm-none-eabi/thumb/v7e-m+fp/hard] ==> [/usr/lib/arm-none-eabi/include/c++/12.2.1/arm-none-eabi/thumb/v7e-m+fp/hard]
  collapse include dir [/usr/lib/gcc/arm-none-eabi/12.2.1/../../../arm-none-eabi/include/c++/12.2.1/backward] ==> [/usr/lib/arm-none-eabi/include/c++/12.2.1/backward]
  collapse include dir [/usr/lib/gcc/arm-none-eabi/12.2.1/include] ==> [/usr/lib/gcc/arm-none-eabi/12.2.1/include]
  collapse include dir [/usr/lib/gcc/arm-none-eabi/12.2.1/include-fixed] ==> [/usr/lib/gcc/arm-none-eabi/12.2.1/include-fixed]
  collapse include dir [/usr/lib/gcc/arm-none-eabi/12.2.1/../../../arm-none-eabi/include] ==> [/usr/lib/arm-none-eabi/include]
  implicit include dirs: [/usr/lib/arm-none-eabi/include/c++/12.2.1;/usr/lib/arm-none-eabi/include/c++/12.2.1/arm-none-eabi/thumb/v7e-m+fp/hard;/usr/lib/arm-none-eabi/include/c++/12.2.1/backward;/usr/lib/gcc/arm-none-eabi/12.2.1/include;/usr/lib/gcc/arm-none-eabi/12.2.1/include-fixed;/usr/lib/arm-none-eabi/include]


Parsed CXX implicit link information from above output:
  link line regex: [^( *|.*[/\])(arm-none-eabi-g\+\+|CMAKE_LINK_STARTFILE-NOTFOUND|([^/\]+-)?ld|collect2)[^/\]*( |$)]
  ignore line: [Change Dir: /home/buddy/sources/sodiumBMS/build/CMakeFiles/CMakeScratch/TryCompile-cAZJmv]
  ignore line: []
  ignore line: [Run Build Command(s):/usr/bin/gmake -f Makefile cmTC_4b189/fast && /usr/bin/gmake  -f CMakeFiles/cmTC_4b189.dir/build.make CMakeFiles/cmTC_4b189.dir/build]
  ignore line: [gmake[1]: Entering directory '/home/buddy/sources/sodiumBMS/build/CMakeFiles/CMakeScratch/TryCompile-cAZJmv']
  ignore line: [Building CXX object CMakeFiles/cmTC_4b189.dir/CMakeCXXCompilerABI.cpp.obj]
  link line: [/usr/bin/arm-none-eabi-g++   -mcpu=cortex-m4 -mfpu=fpv4-sp-d16 -mfloat-abi=hard  -Wall -fdata-sections -ffunction-sections -fstack-usage -mcpu=cortex-m4 -mfpu=fpv4-sp-d16 -mfloat-abi=hard  -Wall -fdata-sections -ffunction-sections -fstack-usage -fno-rtti -fno-exceptions -fno-threadsafe-statics    -v -o CMakeFiles/cmTC_4b189.dir/CMakeCXXCompilerABI.cpp.obj -c /usr/share/cmake-3.25/Modules/CMakeCXXCompilerABI.cpp]
    arg [/usr/bin/arm-none-eabi-g++] ==> ignore
    arg [-mcpu=cortex-m4] ==> ignore
    arg [-mfpu=fpv4-sp-d16] ==> ignore
    arg [-mfloat-abi=hard] ==> ignore
    arg [-Wall] ==> ignore
    arg [-fdata-sections] ==> ignore
    arg [-ffunction-sections] ==> ignore
    arg [-fstack-usage] ==> ignore
    arg [-mcpu=cortex-m4] ==> ignore
    arg [-mfpu=fpv4-sp-d16] ==> ignore
    arg [-mfloat-abi=hard] ==> ignore
    arg [-Wall] ==> ignore
    arg [-fdata-sections] ==> ignore
    arg [-ffunction-sections] ==> ignore
    arg [-fstack-usage] ==> ignore
    arg [-fno-rtti] ==> ignore
    arg [-fno-exceptions] ==> ignore
    arg [-fno-threadsafe-statics] ==> ignore
    arg [-v] ==> ignore
    arg [-o] ==> ignore
    arg [CMakeFiles/cmTC_4b189.dir/CMakeCXXCompilerABI.cpp.obj] ==> ignore
    arg [-c] ==> ignore
    arg [/usr/share/cmake-3.25/Modules/CMakeCXXCompilerABI.cpp] ==> ignore
  implicit libs: []
  implicit objs: []
  implicit dirs: []
  implicit fwks: []


Checking whether the ASM compiler is GNU using "--version" matched "(GNU assembler)|(GCC)|(Free Software Foundation)":
arm-none-eabi-gcc (15:12.2.rel1-1) 12.2.1 20221205
Copyright (C) 2022 Free Software Foundation, Inc.
This is free software; see the source for copying conditions.  There is NO
warranty; not even for MERCHANTABILITY or FITNESS FOR A PARTICULAR PURPOSE.

